<?xml version="1.0" encoding="UTF-8"?>
<!-- Generated by org.testng.reporters.JUnitReportReporter -->
<testsuite skipped="0" hostname="LAPTOP-SBG8MLNP" name="com.testcase.parctice.correctpassword" tests="1" failures="0" timestamp="01 Jul 2019 12:20:11 GMT" time="7.540" errors="0">
  <testcase name="loginwithcorrectpassword" time="7.540" classname="com.testcase.parctice.correctpassword"/>
</testsuite> <!-- com.testcase.parctice.correctpassword -->
