<?xml version="1.0" encoding="UTF-8"?>
<!-- Generated by org.testng.reporters.JUnitReportReporter -->
<testsuite skipped="2" hostname="LAPTOP-SBG8MLNP" name="com.testng.examples.Enablefalse" tests="6" failures="0" timestamp="30 Jun 2019 16:39:46 GMT" time="0.026" errors="0">
  <testcase name="searchproduct" time="0.002" classname="com.testng.examples.Enablefalse"/>
  <testcase name="broswerclose" time="0.006" classname="com.testng.examples.Enablefalse"/>
  <testcase name="addtocart" time="0.016" classname="com.testng.examples.Enablefalse"/>
  <testcase name="loginpage" time="0.002" classname="com.testng.examples.Enablefalse"/>
  <testcase name="broswerlaunch" classname="com.testng.examples.Enablefalse">
    <skipped/>
  </testcase> <!-- broswerlaunch -->
  <testcase name="logoutpage" classname="com.testng.examples.Enablefalse">
    <skipped/>
  </testcase> <!-- logoutpage -->
</testsuite> <!-- com.testng.examples.Enablefalse -->
