<?xml version="1.0" encoding="UTF-8"?>
<!-- Generated by org.testng.reporters.JUnitReportReporter -->
<testsuite skipped="0" hostname="LAPTOP-SBG8MLNP" name="com.testng.examples.Crdentials" tests="2" failures="0" timestamp="01 Jul 2019 04:06:06 GMT" time="26.380" errors="0">
  <testcase name="facebook" time="18.714" classname="com.testng.examples.Crdentials"/>
  <testcase name="facebook" time="7.666" classname="com.testng.examples.Crdentials"/>
</testsuite> <!-- com.testng.examples.Crdentials -->
