<?xml version="1.0" encoding="UTF-8"?>
<!-- Generated by org.testng.reporters.JUnitReportReporter -->
<testsuite skipped="0" hostname="LAPTOP-SBG8MLNP" name="com.testcase.parctice.bothcorrect" tests="1" failures="0" timestamp="01 Jul 2019 12:20:11 GMT" time="9.134" errors="0">
  <testcase name="loginwithBothcorrect" time="9.134" classname="com.testcase.parctice.bothcorrect"/>
</testsuite> <!-- com.testcase.parctice.bothcorrect -->
