<?xml version="1.0" encoding="UTF-8"?>
<!-- Generated by org.testng.reporters.JUnitReportReporter -->
<testsuite skipped="0" hostname="LAPTOP-SBG8MLNP" name="com.testng.examples.Include" tests="1" failures="0" timestamp="30 Jun 2019 16:52:08 GMT" time="0.016" errors="0">
  <testcase name="test2" time="0.016" classname="com.testng.examples.Include"/>
</testsuite> <!-- com.testng.examples.Include -->
