<?xml version="1.0" encoding="UTF-8"?>
<!-- Generated by org.testng.reporters.JUnitReportReporter -->
<testsuite skipped="2" hostname="LAPTOP-SBG8MLNP" name="com.testng.examples.IgnoreTestcases" tests="6" failures="0" timestamp="30 Jun 2019 16:37:56 GMT" time="0.025" errors="0">
  <testcase name="logoutpage" time="0.004" classname="com.testng.examples.IgnoreTestcases"/>
  <testcase name="broswerlaunch" time="0.014" classname="com.testng.examples.IgnoreTestcases"/>
  <testcase name="searchproduct" time="0.004" classname="com.testng.examples.IgnoreTestcases"/>
  <testcase name="loginpage" time="0.003" classname="com.testng.examples.IgnoreTestcases"/>
  <testcase name="broswerclose" classname="com.testng.examples.IgnoreTestcases">
    <skipped/>
  </testcase> <!-- broswerclose -->
  <testcase name="addtocart" classname="com.testng.examples.IgnoreTestcases">
    <skipped/>
  </testcase> <!-- addtocart -->
</testsuite> <!-- com.testng.examples.IgnoreTestcases -->
