<?xml version="1.0" encoding="UTF-8"?>
<!-- Generated by org.testng.reporters.JUnitReportReporter -->
<testsuite skipped="0" hostname="LAPTOP-SBG8MLNP" name="com.testcase.parctice.correctusername" tests="1" failures="0" timestamp="01 Jul 2019 12:20:11 GMT" time="8.208" errors="0">
  <testcase name="loginwithcorrectusername" time="8.208" classname="com.testcase.parctice.correctusername"/>
</testsuite> <!-- com.testcase.parctice.correctusername -->
