<?xml version="1.0" encoding="UTF-8"?>
<!-- Generated by org.testng.reporters.JUnitReportReporter -->
<testsuite skipped="0" hostname="LAPTOP-SBG8MLNP" name="com.testng.examples.samplepratcice4" tests="6" failures="0" timestamp="30 Jun 2019 16:32:11 GMT" time="0.032" errors="0">
  <testcase name="broswerlaunch" time="0.016" classname="com.testng.examples.samplepratcice4"/>
  <testcase name="loginpage" time="0.004" classname="com.testng.examples.samplepratcice4"/>
  <testcase name="broswerclose" time="0.003" classname="com.testng.examples.samplepratcice4"/>
  <testcase name="searchproduct" time="0.001" classname="com.testng.examples.samplepratcice4"/>
  <testcase name="addtocart" time="0.003" classname="com.testng.examples.samplepratcice4"/>
  <testcase name="logoutpage" time="0.005" classname="com.testng.examples.samplepratcice4"/>
</testsuite> <!-- com.testng.examples.samplepratcice4 -->
