<?xml version="1.0" encoding="UTF-8"?>
<!-- Generated by org.testng.reporters.JUnitReportReporter -->
<testsuite skipped="0" hostname="LAPTOP-SBG8MLNP" name="com.testng.examples.parallelexecution" tests="3" failures="0" timestamp="06 Jul 2019 05:15:22 GMT" time="42.055" errors="0">
  <testcase name="openamazon" time="25.512" classname="com.testng.examples.parallelexecution"/>
  <testcase name="opengoogle" time="6.797" classname="com.testng.examples.parallelexecution"/>
  <testcase name="openfacebook" time="9.746" classname="com.testng.examples.parallelexecution"/>
</testsuite> <!-- com.testng.examples.parallelexecution -->
