<?xml version="1.0" encoding="UTF-8"?>
<!-- Generated by org.testng.reporters.JUnitReportReporter -->
<testsuite skipped="0" hostname="LAPTOP-SBG8MLNP" name="com.testng.examples.Extendreports" tests="3" failures="0" timestamp="06 Jul 2019 06:19:17 GMT" time="30.932" errors="0">
  <testcase name="openamazon" time="22.275" classname="com.testng.examples.Extendreports"/>
  <testcase name="openfacebook" time="6.726" classname="com.testng.examples.Extendreports"/>
  <testcase name="opengoogle" time="1.931" classname="com.testng.examples.Extendreports"/>
</testsuite> <!-- com.testng.examples.Extendreports -->
