<?xml version="1.0" encoding="UTF-8"?>
<!-- Generated by org.testng.reporters.JUnitReportReporter -->
<testsuite skipped="0" hostname="LAPTOP-SBG8MLNP" name="com.testng.examples.parameter" tests="1" failures="0" timestamp="01 Jul 2019 03:41:45 GMT" time="0.015" errors="0">
  <testcase name="sample" time="0.015" classname="com.testng.examples.parameter"/>
</testsuite> <!-- com.testng.examples.parameter -->
