<?xml version="1.0" encoding="UTF-8"?>
<!-- Generated by org.testng.reporters.JUnitReportReporter -->
<testsuite skipped="0" hostname="LAPTOP-SBG8MLNP" name="com.testng.examples.Testcases1" tests="2" failures="0" timestamp="30 Jun 2019 16:22:52 GMT" time="0.012" errors="0">
  <testcase name="test1" time="0.009" classname="com.testng.examples.Testcases1"/>
  <testcase name="test2" time="0.003" classname="com.testng.examples.Testcases1"/>
</testsuite> <!-- com.testng.examples.Testcases1 -->
