<?xml version="1.0" encoding="UTF-8"?>
<!-- Generated by org.testng.reporters.JUnitReportReporter -->
<testsuite skipped="0" hostname="LAPTOP-SBG8MLNP" name="com.testng.examples.groups" tests="5" failures="0" timestamp="01 Jul 2019 04:47:36 GMT" time="0.015" errors="0">
  <testcase name="ea" time="0.015" classname="com.testng.examples.groups"/>
  <testcase name="forum" time="0.000" classname="com.testng.examples.groups"/>
  <testcase name="inox" time="0.000" classname="com.testng.examples.groups"/>
  <testcase name="skyswalk" time="0.000" classname="com.testng.examples.groups"/>
  <testcase name="vr" time="0.000" classname="com.testng.examples.groups"/>
</testsuite> <!-- com.testng.examples.groups -->
