<?xml version="1.0" encoding="UTF-8"?>
<!-- Generated by org.testng.reporters.JUnitReportReporter -->
<testsuite skipped="0" hostname="LAPTOP-SBG8MLNP" name="com.testng.examples.Optional2" tests="1" failures="0" timestamp="01 Jul 2019 04:16:52 GMT" time="0.016" errors="0">
  <testcase name="sample" time="0.016" classname="com.testng.examples.Optional2"/>
</testsuite> <!-- com.testng.examples.Optional2 -->
