<?xml version="1.0" encoding="UTF-8"?>
<!-- Generated by org.testng.reporters.JUnitReportReporter -->
<testsuite skipped="0" hostname="LAPTOP-SBG8MLNP" name="com.testng.examples.InvocationCount" tests="11" failures="0" timestamp="30 Jun 2019 16:36:05 GMT" time="0.071" errors="0">
  <testcase name="searchproduct" time="0.004" classname="com.testng.examples.InvocationCount"/>
  <testcase name="searchproduct" time="0.009" classname="com.testng.examples.InvocationCount"/>
  <testcase name="broswerlaunch" time="0.003" classname="com.testng.examples.InvocationCount"/>
  <testcase name="searchproduct" time="0.009" classname="com.testng.examples.InvocationCount"/>
  <testcase name="broswerclose" time="0.009" classname="com.testng.examples.InvocationCount"/>
  <testcase name="loginpage" time="0.003" classname="com.testng.examples.InvocationCount"/>
  <testcase name="searchproduct" time="0.006" classname="com.testng.examples.InvocationCount"/>
  <testcase name="addtocart" time="0.015" classname="com.testng.examples.InvocationCount"/>
  <testcase name="searchproduct" time="0.001" classname="com.testng.examples.InvocationCount"/>
  <testcase name="broswerlaunch" time="0.006" classname="com.testng.examples.InvocationCount"/>
  <testcase name="logoutpage" time="0.006" classname="com.testng.examples.InvocationCount"/>
</testsuite> <!-- com.testng.examples.InvocationCount -->
