<?xml version="1.0" encoding="UTF-8"?>
<!-- Generated by org.testng.reporters.JUnitReportReporter -->
<testsuite skipped="0" hostname="LAPTOP-SBG8MLNP" name="com.testng.examples.Basedonthreadcount" tests="2" failures="0" timestamp="01 Jul 2019 04:30:34 GMT" time="28.497" errors="0">
  <testcase name="openamazon" time="12.692" classname="com.testng.examples.Basedonthreadcount"/>
  <testcase name="openfacebook" time="15.805" classname="com.testng.examples.Basedonthreadcount"/>
</testsuite> <!-- com.testng.examples.Basedonthreadcount -->
