<?xml version="1.0" encoding="UTF-8"?>
<!-- Generated by org.testng.reporters.JUnitReportReporter -->
<testsuite skipped="0" hostname="LAPTOP-SBG8MLNP" name="com.testng.examples.Sampletestcase" tests="1" failures="0" timestamp="01 Jul 2019 06:25:20 GMT" time="0.015" errors="0">
  <testcase name="firsttestcase" time="0.015" classname="com.testng.examples.Sampletestcase"/>
</testsuite> <!-- com.testng.examples.Sampletestcase -->
