<?xml version="1.0" encoding="UTF-8"?>
<!-- Generated by org.testng.reporters.JUnitReportReporter -->
<testsuite skipped="1" hostname="LAPTOP-SBG8MLNP" name="com.testcase.parctice.login" tests="1" failures="0" timestamp="02 Jul 2019 02:39:51 GMT" time="0.000" errors="0">
  <testcase name="loginwithBothcorrect" time="0.000" classname="com.testcase.parctice.login">
    <skipped/>
  </testcase> <!-- loginwithBothcorrect -->
</testsuite> <!-- com.testcase.parctice.login -->
