<?xml version="1.0" encoding="UTF-8"?>
<!-- Generated by org.testng.reporters.JUnitReportReporter -->
<testsuite skipped="0" hostname="LAPTOP-SBG8MLNP" name="com.testng.examples.Samplepractice3" tests="6" failures="0" timestamp="30 Jun 2019 16:29:32 GMT" time="0.026" errors="0">
  <testcase name="loginpage" time="0.002" classname="com.testng.examples.Samplepractice3"/>
  <testcase name="broswerclose" time="0.003" classname="com.testng.examples.Samplepractice3"/>
  <testcase name="logoutpage" time="0.003" classname="com.testng.examples.Samplepractice3"/>
  <testcase name="addtocart" time="0.014" classname="com.testng.examples.Samplepractice3"/>
  <testcase name="broswerlaunch" time="0.002" classname="com.testng.examples.Samplepractice3"/>
  <testcase name="searchproduct" time="0.002" classname="com.testng.examples.Samplepractice3"/>
</testsuite> <!-- com.testng.examples.Samplepractice3 -->
