<?xml version="1.0" encoding="UTF-8"?>
<!-- Generated by org.testng.reporters.JUnitReportReporter -->
<testsuite skipped="0" hostname="LAPTOP-SBG8MLNP" name="com.testng.examples.dependsonmethod" tests="6" failures="0" timestamp="01 Jul 2019 03:22:49 GMT" time="0.031" errors="0">
  <testcase name="broswerlaunch" time="0.003" classname="com.testng.examples.dependsonmethod"/>
  <testcase name="loginpage" time="0.002" classname="com.testng.examples.dependsonmethod"/>
  <testcase name="addtocart" time="0.004" classname="com.testng.examples.dependsonmethod"/>
  <testcase name="logoutpage" time="0.002" classname="com.testng.examples.dependsonmethod"/>
  <testcase name="searchproduct" time="0.003" classname="com.testng.examples.dependsonmethod"/>
  <testcase name="broswerclose" time="0.017" classname="com.testng.examples.dependsonmethod"/>
</testsuite> <!-- com.testng.examples.dependsonmethod -->
