<?xml version="1.0" encoding="UTF-8"?>
<!-- Generated by org.testng.reporters.JUnitReportReporter -->
<testsuite skipped="0" hostname="LAPTOP-SBG8MLNP" name="com.testcase.parctice.bothincorrect" tests="1" failures="0" timestamp="01 Jul 2019 12:20:11 GMT" time="7.971" errors="0">
  <testcase name="loginwithBothInncorrect" time="7.971" classname="com.testcase.parctice.bothincorrect"/>
</testsuite> <!-- com.testcase.parctice.bothincorrect -->
