<?xml version="1.0" encoding="UTF-8"?>
<!-- Generated by org.testng.reporters.JUnitReportReporter -->
<testsuite skipped="0" hostname="LAPTOP-SBG8MLNP" name="com.testng.examples.Smaplepractice2" tests="2" failures="0" timestamp="30 Jun 2019 16:28:16 GMT" time="0.009" errors="0">
  <testcase name="addtocart" time="0.007" classname="com.testng.examples.Smaplepractice2"/>
  <testcase name="searchproduct" time="0.002" classname="com.testng.examples.Smaplepractice2"/>
</testsuite> <!-- com.testng.examples.Smaplepractice2 -->
